[2026-01-05 11:39:42] Admin action: active_deliveries
[2026-01-05 11:39:42] Active deliveries retrieved: 0 rows
[2026-01-05 11:39:42] Admin action: dashboard_stats
[2026-01-05 11:39:42] Dashboard stats retrieved successfully
[2026-01-05 11:39:49] Admin action: active_deliveries
[2026-01-05 11:39:49] Active deliveries retrieved: 0 rows
[2026-01-05 11:39:49] Admin action: dashboard_stats
[2026-01-05 11:39:49] Dashboard stats retrieved successfully
[2026-01-05 11:55:30] Admin action: dashboard_stats
[2026-01-05 11:55:30] Admin action: active_deliveries
[2026-01-05 11:55:30] Dashboard stats retrieved successfully
[2026-01-05 11:55:30] Active deliveries retrieved: 8 rows
[2026-01-05 11:55:50] Admin action: active_deliveries
[2026-01-05 11:55:50] Admin action: dashboard_stats
[2026-01-05 11:55:50] Active deliveries retrieved: 8 rows
[2026-01-05 11:55:50] Dashboard stats retrieved successfully
[2026-01-05 11:58:53] Admin action: active_deliveries
[2026-01-05 11:58:53] Admin action: dashboard_stats
[2026-01-05 11:58:53] Active deliveries retrieved: 4 rows
[2026-01-05 11:58:53] Dashboard stats retrieved successfully
[2026-01-05 12:01:25] Admin action: active_deliveries
[2026-01-05 12:01:25] Active deliveries retrieved: 4 rows
[2026-01-05 12:01:25] Admin action: dashboard_stats
[2026-01-05 12:01:25] Dashboard stats retrieved successfully
[2026-01-05 12:03:39] Admin action: dashboard_stats
[2026-01-05 12:03:39] Admin action: active_deliveries
[2026-01-05 12:03:39] Active deliveries retrieved: 2 rows
[2026-01-05 12:03:39] Dashboard stats retrieved successfully
[2026-01-05 12:04:00] Admin action: dashboard_stats
[2026-01-05 12:04:00] Dashboard stats retrieved successfully
[2026-01-05 12:04:00] Admin action: active_deliveries
[2026-01-05 12:04:00] Active deliveries retrieved: 2 rows
[2026-01-05 12:04:53] Admin action: dashboard_stats
[2026-01-05 12:04:53] Dashboard stats retrieved successfully
[2026-01-05 12:04:53] Admin action: active_deliveries
[2026-01-05 12:04:53] Active deliveries retrieved: 0 rows
[2026-01-05 12:18:38] Admin action: active_deliveries
[2026-01-05 12:18:38] Admin action: dashboard_stats
[2026-01-05 12:18:38] Active deliveries retrieved: 2 rows
[2026-01-05 12:18:38] Dashboard stats retrieved successfully
[2026-01-05 12:48:55] Admin action: dashboard_stats
[2026-01-05 12:48:55] Admin action: active_deliveries
[2026-01-05 12:48:55] Dashboard stats retrieved successfully
[2026-01-05 12:48:55] Active deliveries retrieved: 5 rows
[2026-01-05 12:55:03] Admin action: dashboard_stats
[2026-01-05 12:55:03] Admin action: active_deliveries
[2026-01-05 12:55:03] Dashboard stats retrieved successfully
[2026-01-05 12:55:03] Active deliveries retrieved: 8 rows
[2026-01-05 12:59:36] Admin action: dashboard_stats
[2026-01-05 12:59:36] Dashboard stats retrieved successfully
[2026-01-05 12:59:36] Admin action: active_deliveries
[2026-01-05 12:59:36] Active deliveries retrieved: 4 rows
[2026-01-05 13:02:13] Admin action: dashboard_stats
[2026-01-05 13:02:13] Admin action: active_deliveries
[2026-01-05 13:02:13] Active deliveries retrieved: 0 rows
[2026-01-05 13:02:13] Dashboard stats retrieved successfully
[2026-01-05 13:40:23] Admin action: dashboard_stats
[2026-01-05 13:40:23] Dashboard stats retrieved successfully
[2026-01-05 13:40:23] Admin action: active_deliveries
[2026-01-05 13:40:23] Active deliveries retrieved: 0 rows
[2026-01-05 13:40:26] Admin action: recent_collections
[2026-01-05 13:40:26] Recent collections retrieved: 10
[2026-01-05 13:40:28] Admin action: active_deliveries
[2026-01-05 13:40:28] Active deliveries retrieved: 0 rows
[2026-01-05 13:40:29] Admin action: dashboard_stats
[2026-01-05 13:40:29] Dashboard stats retrieved successfully
[2026-01-05 13:40:29] Admin action: active_deliveries
[2026-01-05 13:40:29] Active deliveries retrieved: 0 rows
[2026-01-05 13:42:30] Admin action: locker_status
[2026-01-05 13:42:30] Locker status retrieved: 12 lockers
[2026-01-05 13:59:40] Admin action: locker_status
[2026-01-05 13:59:40] Locker status retrieved: 12 lockers
[2026-01-05 13:59:40] Admin action: active_deliveries
[2026-01-05 13:59:40] Active deliveries retrieved: 0 rows
[2026-01-05 13:59:43] Admin action: active_deliveries
[2026-01-05 13:59:43] Active deliveries retrieved: 0 rows
[2026-01-05 14:01:43] Admin action: active_deliveries
[2026-01-05 14:01:43] Active deliveries retrieved: 0 rows
[2026-01-05 14:01:43] Admin action: dashboard_stats
[2026-01-05 14:01:43] Dashboard stats retrieved successfully
[2026-01-05 14:08:09] Admin action: dashboard_stats
[2026-01-05 14:08:09] Dashboard stats retrieved successfully
[2026-01-05 14:08:09] Admin action: active_deliveries
[2026-01-05 14:08:09] Active deliveries retrieved: 0 rows
[2026-01-05 14:08:13] Admin action: active_deliveries
[2026-01-05 14:08:13] Active deliveries retrieved: 0 rows
[2026-01-05 14:08:13] Admin action: dashboard_stats
[2026-01-05 14:08:13] Dashboard stats retrieved successfully
[2026-01-05 14:08:20] Admin action: dashboard_stats
[2026-01-05 14:08:20] Dashboard stats retrieved successfully
[2026-01-05 14:08:20] Admin action: active_deliveries
[2026-01-05 14:08:20] Active deliveries retrieved: 0 rows
[2026-01-05 14:09:33] Admin action: active_deliveries
[2026-01-05 14:09:33] Active deliveries retrieved: 0 rows
[2026-01-05 14:09:34] Admin action: dashboard_stats
[2026-01-05 14:09:34] Dashboard stats retrieved successfully
[2026-01-05 14:09:41] Admin action: dashboard_stats
[2026-01-05 14:09:41] Dashboard stats retrieved successfully
[2026-01-05 14:09:41] Admin action: active_deliveries
[2026-01-05 14:09:41] Active deliveries retrieved: 0 rows
[2026-01-05 14:09:42] Admin action: active_deliveries
[2026-01-05 14:09:42] Active deliveries retrieved: 0 rows
[2026-01-05 14:09:42] Admin action: dashboard_stats
[2026-01-05 14:09:42] Dashboard stats retrieved successfully
[2026-01-05 14:09:43] Admin action: active_deliveries
[2026-01-05 14:09:43] Active deliveries retrieved: 0 rows
[2026-01-05 14:09:43] Admin action: dashboard_stats
[2026-01-05 14:09:43] Dashboard stats retrieved successfully
[2026-01-05 14:09:51] Admin action: active_deliveries
[2026-01-05 14:09:51] Active deliveries retrieved: 3 rows
[2026-01-05 14:09:51] Admin action: dashboard_stats
[2026-01-05 14:09:51] Dashboard stats retrieved successfully
[2026-01-05 14:10:38] Admin action: active_deliveries
[2026-01-05 14:10:38] Active deliveries retrieved: 3 rows
[2026-01-05 14:10:38] Admin action: dashboard_stats
[2026-01-05 14:10:38] Dashboard stats retrieved successfully
[2026-01-05 14:11:01] Admin action: active_deliveries
[2026-01-05 14:11:01] Active deliveries retrieved: 3 rows
[2026-01-05 14:11:01] Admin action: dashboard_stats
[2026-01-05 14:11:01] Dashboard stats retrieved successfully
[2026-01-05 14:33:48] Admin action: active_deliveries
[2026-01-05 14:33:48] Active deliveries retrieved: 8 rows
[2026-01-05 14:33:48] Admin action: dashboard_stats
[2026-01-05 14:33:48] Dashboard stats retrieved successfully
[2026-01-05 14:33:58] Admin action: dashboard_stats
[2026-01-05 14:33:58] Dashboard stats retrieved successfully
[2026-01-05 14:33:58] Admin action: active_deliveries
[2026-01-05 14:33:58] Active deliveries retrieved: 8 rows
[2026-01-05 14:34:01] Admin action: dashboard_stats
[2026-01-05 14:34:01] Admin action: active_deliveries
[2026-01-05 14:34:01] Dashboard stats retrieved successfully
[2026-01-05 14:34:01] Active deliveries retrieved: 8 rows
[2026-01-05 14:48:31] Admin action: active_deliveries
[2026-01-05 14:48:31] Active deliveries retrieved: 8 rows
[2026-01-05 14:48:35] Admin action: active_deliveries
[2026-01-05 14:48:35] Active deliveries retrieved: 8 rows
[2026-01-05 14:48:35] Admin action: dashboard_stats
[2026-01-05 14:48:35] Dashboard stats retrieved successfully
[2026-01-05 14:48:53] Admin action: active_deliveries
[2026-01-05 14:48:53] Active deliveries retrieved: 9 rows
[2026-01-05 14:48:53] Admin action: dashboard_stats
[2026-01-05 14:48:53] Dashboard stats retrieved successfully
[2026-01-05 14:49:04] Admin action: active_deliveries
[2026-01-05 14:49:04] Active deliveries retrieved: 10 rows
[2026-01-05 14:49:04] Admin action: dashboard_stats
[2026-01-05 14:49:04] Dashboard stats retrieved successfully
[2026-01-05 15:08:38] Admin action: active_deliveries
[2026-01-05 15:08:38] Admin action: dashboard_stats
[2026-01-05 15:08:38] Active deliveries retrieved: 4 rows
[2026-01-05 15:08:38] Dashboard stats retrieved successfully
[2026-01-05 15:14:53] Admin action: dashboard_stats
[2026-01-05 15:14:53] Admin action: active_deliveries
[2026-01-05 15:14:53] Active deliveries retrieved: 0 rows
[2026-01-05 15:14:53] Dashboard stats retrieved successfully
[2026-01-05 15:19:39] Admin action: dashboard_stats
[2026-01-05 15:19:39] Dashboard stats retrieved successfully
[2026-01-05 15:19:39] Admin action: active_deliveries
[2026-01-05 15:19:39] Active deliveries retrieved: 3 rows
[2026-01-05 16:06:02] Admin action: dashboard_stats
[2026-01-05 16:06:02] Dashboard stats retrieved successfully
[2026-01-05 16:06:03] Admin action: dashboard_stats
[2026-01-05 16:06:03] Dashboard stats retrieved successfully
[2026-01-05 16:07:03] Admin action: active_deliveries
[2026-01-05 16:07:03] Admin action: dashboard_stats
[2026-01-05 16:07:03] Active deliveries retrieved: 1 rows
[2026-01-05 16:07:03] Dashboard stats retrieved successfully
[2026-01-05 16:07:19] Admin action: dashboard_stats
[2026-01-05 16:07:19] Dashboard stats retrieved successfully
[2026-01-05 16:07:19] Admin action: active_deliveries
[2026-01-05 16:07:19] Active deliveries retrieved: 1 rows
[2026-01-05 16:16:30] Admin action: dashboard_stats
[2026-01-05 16:16:30] Dashboard stats retrieved successfully
[2026-01-05 16:16:30] Admin action: dashboard_stats
[2026-01-05 16:16:30] Dashboard stats retrieved successfully
[2026-01-05 16:16:59] Admin action: active_deliveries
[2026-01-05 16:16:59] Active deliveries retrieved: 3 rows
[2026-01-05 16:16:59] Admin action: dashboard_stats
[2026-01-05 16:16:59] Dashboard stats retrieved successfully
[2026-01-05 16:22:14] Admin action: active_deliveries
[2026-01-05 16:22:14] Admin action: dashboard_stats
[2026-01-05 16:22:14] Active deliveries retrieved: 3 rows
[2026-01-05 16:22:14] Dashboard stats retrieved successfully
[2026-01-05 16:22:23] Admin action: active_deliveries
[2026-01-05 16:22:23] Active deliveries retrieved: 3 rows
[2026-01-05 16:22:23] Admin action: dashboard_stats
[2026-01-05 16:22:23] Dashboard stats retrieved successfully
[2026-01-05 16:27:53] Admin action: dashboard_stats
[2026-01-05 16:27:53] Admin action: active_deliveries
[2026-01-05 16:27:53] Dashboard stats retrieved successfully
[2026-01-05 16:27:53] Active deliveries retrieved: 2 rows
[2026-01-05 16:36:35] Admin action: dashboard_stats
[2026-01-05 16:36:35] Dashboard stats retrieved successfully
[2026-01-05 16:36:35] Admin action: active_deliveries
[2026-01-05 16:36:35] Active deliveries retrieved: 2 rows
[2026-01-05 16:50:47] Admin action: dashboard_stats
[2026-01-05 16:50:47] Dashboard stats retrieved successfully
[2026-01-05 16:50:47] Admin action: active_deliveries
[2026-01-05 16:50:47] Active deliveries retrieved: 2 rows
[2026-01-06 10:08:37] Admin action: dashboard_stats
[2026-01-06 10:08:37] Admin action: active_deliveries
[2026-01-06 10:08:37] Active deliveries retrieved: 2 rows
[2026-01-06 10:08:37] Dashboard stats retrieved successfully
[2026-01-06 10:09:17] Admin action: dashboard_stats
[2026-01-06 10:09:17] Dashboard stats retrieved successfully
[2026-01-06 10:09:17] Admin action: active_deliveries
[2026-01-06 10:09:17] Active deliveries retrieved: 3 rows
[2026-01-06 10:16:42] Admin action: dashboard_stats
[2026-01-06 10:16:42] Dashboard stats retrieved successfully
[2026-01-06 10:16:42] Admin action: active_deliveries
[2026-01-06 10:16:42] Active deliveries retrieved: 0 rows
[2026-01-06 10:16:53] Admin action: active_deliveries
[2026-01-06 10:16:53] Active deliveries retrieved: 0 rows
[2026-01-06 10:16:53] Admin action: dashboard_stats
[2026-01-06 10:16:53] Dashboard stats retrieved successfully
[2026-01-06 10:18:37] Admin action: locker_status
[2026-01-06 10:18:37] Locker status retrieved: 12 lockers
[2026-01-06 10:18:44] Admin action: recent_collections
[2026-01-06 10:18:44] Recent collections retrieved: 10
[2026-01-06 10:18:46] Admin action: active_deliveries
[2026-01-06 10:18:46] Active deliveries retrieved: 0 rows
[2026-01-06 10:19:15] Admin action: dashboard_stats
[2026-01-06 10:19:15] Dashboard stats retrieved successfully
[2026-01-06 10:19:15] Admin action: active_deliveries
[2026-01-06 10:19:15] Active deliveries retrieved: 0 rows
[2026-01-06 10:19:16] Admin action: recent_collections
[2026-01-06 10:19:16] Recent collections retrieved: 10
[2026-01-06 10:19:17] Admin action: locker_status
[2026-01-06 10:19:17] Locker status retrieved: 12 lockers
[2026-01-06 10:19:23] Admin action: active_deliveries
[2026-01-06 10:19:23] Active deliveries retrieved: 0 rows
[2026-01-06 10:25:02] Admin action: active_deliveries
[2026-01-06 10:25:02] Active deliveries retrieved: 5 rows
[2026-01-06 10:25:02] Admin action: dashboard_stats
[2026-01-06 10:25:02] Dashboard stats retrieved successfully
[2026-01-06 10:28:02] Admin action: dashboard_stats
[2026-01-06 10:28:02] Admin action: active_deliveries
[2026-01-06 10:28:02] Dashboard stats retrieved successfully
[2026-01-06 10:28:02] Active deliveries retrieved: 2 rows
[2026-01-06 10:32:01] Admin action: active_deliveries
[2026-01-06 10:32:01] Active deliveries retrieved: 3 rows
[2026-01-06 10:32:03] Admin action: dashboard_stats
[2026-01-06 10:32:03] Dashboard stats retrieved successfully
[2026-01-06 10:32:03] Admin action: active_deliveries
[2026-01-06 10:32:03] Active deliveries retrieved: 3 rows
[2026-01-06 10:32:12] Admin action: dashboard_stats
[2026-01-06 10:32:12] Dashboard stats retrieved successfully
[2026-01-06 10:32:12] Admin action: active_deliveries
[2026-01-06 10:32:12] Active deliveries retrieved: 3 rows
[2026-01-06 10:32:42] Admin action: active_deliveries
[2026-01-06 10:32:42] Admin action: dashboard_stats
[2026-01-06 10:32:42] Active deliveries retrieved: 3 rows
[2026-01-06 10:32:42] Dashboard stats retrieved successfully
[2026-01-06 10:33:41] Admin action: active_deliveries
[2026-01-06 10:33:41] Active deliveries retrieved: 3 rows
[2026-01-06 10:33:41] Admin action: dashboard_stats
[2026-01-06 10:33:41] Dashboard stats retrieved successfully
[2026-01-06 10:33:44] Admin action: locker_status
[2026-01-06 10:33:44] Locker status retrieved: 12 lockers
[2026-01-06 10:35:50] Admin action: active_deliveries
[2026-01-06 10:35:50] Active deliveries retrieved: 4 rows
[2026-01-06 10:35:50] Admin action: dashboard_stats
[2026-01-06 10:35:50] Dashboard stats retrieved successfully
[2026-01-06 10:37:36] Admin action: active_deliveries
[2026-01-06 10:37:36] Active deliveries retrieved: 2 rows
[2026-01-06 10:39:13] Admin action: active_deliveries
[2026-01-06 10:39:13] Active deliveries retrieved: 1 rows
[2026-01-06 10:39:13] Admin action: dashboard_stats
[2026-01-06 10:39:13] Dashboard stats retrieved successfully
[2026-01-06 10:39:15] Admin action: dashboard_stats
[2026-01-06 10:39:15] Dashboard stats retrieved successfully
[2026-01-06 10:39:15] Admin action: active_deliveries
[2026-01-06 10:39:15] Active deliveries retrieved: 1 rows
[2026-01-06 10:39:29] Admin action: dashboard_stats
[2026-01-06 10:39:29] Admin action: active_deliveries
[2026-01-06 10:39:29] Dashboard stats retrieved successfully
[2026-01-06 10:39:29] Active deliveries retrieved: 1 rows
[2026-01-06 10:39:30] Admin action: active_deliveries
[2026-01-06 10:39:30] Active deliveries retrieved: 1 rows
[2026-01-06 10:39:30] Admin action: dashboard_stats
[2026-01-06 10:39:30] Dashboard stats retrieved successfully
[2026-01-06 10:40:40] Admin action: dashboard_stats
[2026-01-06 10:40:40] Admin action: active_deliveries
[2026-01-06 10:40:40] Active deliveries retrieved: 1 rows
[2026-01-06 10:40:40] Dashboard stats retrieved successfully
[2026-01-06 10:45:39] Admin action: active_deliveries
[2026-01-06 10:45:39] Admin action: dashboard_stats
[2026-01-06 10:45:39] Active deliveries retrieved: 1 rows
[2026-01-06 10:45:39] Dashboard stats retrieved successfully
[2026-01-06 11:35:49] Admin action: active_deliveries
[2026-01-06 11:35:49] Admin action: dashboard_stats
[2026-01-06 11:35:49] Active deliveries retrieved: 4 rows
[2026-01-06 11:35:49] Dashboard stats retrieved successfully
[2026-01-06 11:36:02] Admin action: dashboard_stats
[2026-01-06 11:36:02] Dashboard stats retrieved successfully
[2026-01-06 11:36:02] Admin action: active_deliveries
[2026-01-06 11:36:02] Active deliveries retrieved: 4 rows
[2026-01-06 11:36:21] Admin action: active_deliveries
[2026-01-06 11:36:21] Active deliveries retrieved: 4 rows
[2026-01-06 11:36:21] Admin action: dashboard_stats
[2026-01-06 11:36:21] Dashboard stats retrieved successfully
[2026-01-06 11:39:41] Admin action: dashboard_stats
[2026-01-06 11:39:41] Dashboard stats retrieved successfully
[2026-01-06 11:39:41] Admin action: active_deliveries
[2026-01-06 11:39:41] Active deliveries retrieved: 4 rows
[2026-01-06 11:41:10] Admin action: dashboard_stats
[2026-01-06 11:41:10] Dashboard stats retrieved successfully
[2026-01-06 11:41:10] Admin action: active_deliveries
[2026-01-06 11:41:10] Active deliveries retrieved: 3 rows
