[2026-01-05 10:56:05] Action: get_active_flats
[2026-01-05 10:56:05] getActiveFlats called for Location: 2, Tower: TULIP
[2026-01-05 10:56:13] Action: collect
[2026-01-05 10:56:13] Collect: mobile=8882462445, flat=B-104, otp=041690
[2026-01-05 10:56:27] Action: get_active_flats
[2026-01-05 10:56:27] getActiveFlats called for Location: 2, Tower: TULIP
[2026-01-05 10:56:33] Action: collect
[2026-01-05 10:56:33] Collect: mobile=7355029894, flat=B-105, otp=142178
[2026-01-05 11:37:26] Action: get_active_flats
[2026-01-05 11:37:26] getActiveFlats called for Location: 1, Tower: ROSE
[2026-01-05 11:37:29] Action: get_active_flats
[2026-01-05 11:37:29] getActiveFlats called for Location: 2, Tower: TULIP
[2026-01-05 11:38:21] Action: get_active_flats
[2026-01-05 11:38:21] getActiveFlats called for Location: 1, Tower: ROSE
[2026-01-05 11:38:29] Action: collect
[2026-01-05 11:38:29] Collect: mobile=9205936850, flat=A-101, otp=123456
[2026-01-05 11:38:38] Action: collect
[2026-01-05 11:38:38] Collect: mobile=9205936850, flat=A-101, otp=111222
[2026-01-05 11:38:49] Action: collect
[2026-01-05 11:38:49] Collect: mobile=9205936850, flat=A-101, otp=999999
[2026-01-05 11:38:55] Action: collect
[2026-01-05 11:38:55] Collect: mobile=9205936850, flat=A-101, otp=000000
[2026-01-05 11:40:27] Action: get_active_flats
[2026-01-05 11:40:27] getActiveFlats called for Location: 1, Tower: ROSE
[2026-01-05 11:40:33] Action: collect
[2026-01-05 11:40:33] Collect: mobile=9205936850, flat=A-101, otp=049765
[2026-01-05 11:47:45] Action: get_active_flats
[2026-01-05 11:47:45] getActiveFlats called for Location: 2, Tower: TULIP
[2026-01-05 11:54:28] Action: get_active_flats
[2026-01-05 11:54:28] getActiveFlats called for Location: 2, Tower: TULIP
[2026-01-05 11:54:40] Action: get_active_flats
[2026-01-05 11:54:40] getActiveFlats called for Location: 1, Tower: ROSE
[2026-01-05 11:56:10] Action: collect
[2026-01-05 11:56:10] Collect: mobile=8958565076, flat=A-104, otp=299539
[2026-01-05 11:56:36] Action: get_active_flats
[2026-01-05 11:56:36] getActiveFlats called for Location: 1, Tower: ROSE
[2026-01-05 11:56:56] Action: collect
[2026-01-05 11:56:56] Collect: mobile=9389552133, flat=A-105, otp=279394
[2026-01-05 11:57:10] Action: get_active_flats
[2026-01-05 11:57:10] getActiveFlats called for Location: 2, Tower: TULIP
[2026-01-05 11:57:26] Action: collect
[2026-01-05 11:57:26] Collect: mobile=7355029894, flat=B-102, otp=946700
[2026-01-05 11:57:55] Action: get_active_flats
[2026-01-05 11:57:55] getActiveFlats called for Location: 2, Tower: TULIP
[2026-01-05 11:58:11] Action: collect
[2026-01-05 11:58:11] Collect: mobile=9389552133, flat=B-106, otp=686976
[2026-01-05 12:01:16] Action: get_active_flats
[2026-01-05 12:01:16] getActiveFlats called for Location: 2, Tower: TULIP
[2026-01-05 12:01:18] Action: get_active_flats
[2026-01-05 12:01:18] getActiveFlats called for Location: 1, Tower: ROSE
[2026-01-05 12:01:38] Action: collect
[2026-01-05 12:01:38] Collect: mobile=9389552133, flat=A-105, otp=490096
[2026-01-05 12:01:38] Attempting to update delivery_id: 141
[2026-01-05 12:01:38] Delivery UPDATE - Rows affected: 0
[2026-01-05 12:01:38] Action: collect
[2026-01-05 12:01:38] Collect: mobile=9389552133, flat=B-106, otp=910723
[2026-01-05 12:01:38] Attempting to update delivery_id: 145
[2026-01-05 12:01:38] Delivery UPDATE - Rows affected: 0
[2026-01-05 12:03:55] Action: get_active_flats
[2026-01-05 12:03:55] getActiveFlats called for Location: 1, Tower: ROSE
[2026-01-05 12:04:09] Action: collect
[2026-01-05 12:04:09] Collect: mobile=8840094283, flat=A-107, otp=708487
[2026-01-05 12:04:37] Action: get_active_flats
[2026-01-05 12:04:37] getActiveFlats called for Location: 2, Tower: TULIP
[2026-01-05 12:04:49] Action: collect
[2026-01-05 12:04:49] Collect: mobile=8840094283, flat=B-109, otp=730920
[2026-01-05 12:05:04] Action: get_active_flats
[2026-01-05 12:05:04] getActiveFlats called for Location: 1, Tower: ROSE
[2026-01-05 12:05:09] Action: get_active_flats
[2026-01-05 12:05:09] getActiveFlats called for Location: 2, Tower: TULIP
[2026-01-05 12:18:25] Action: get_active_flats
[2026-01-05 12:18:25] getActiveFlats called for Location: 2, Tower: TULIP
[2026-01-05 12:18:49] Action: collect
[2026-01-05 12:18:49] Collect: mobile=8882462445, flat=B-104, otp=082403
[2026-01-05 12:20:39] Action: get_active_flats
[2026-01-05 12:20:39] getActiveFlats called for Location: 2, Tower: TULIP
[2026-01-05 12:21:33] Action: collect
[2026-01-05 12:21:33] Collect: mobile=9205936850, flat=B-101, otp=468851
[2026-01-05 12:42:32] Action: get_active_flats
[2026-01-05 12:42:32] getActiveFlats called for Location: 1, Tower: ROSE
[2026-01-05 12:42:37] Action: get_active_flats
[2026-01-05 12:42:37] getActiveFlats called for Location: 2, Tower: TULIP
[2026-01-05 12:54:48] Action: get_active_flats
[2026-01-05 12:54:48] getActiveFlats called for Location: 1, Tower: ROSE
[2026-01-05 12:55:23] Action: collect
[2026-01-05 12:55:23] Collect: mobile=8958565076, flat=A-104, otp=327721
[2026-01-05 12:56:44] Action: get_active_flats
[2026-01-05 12:56:44] getActiveFlats called for Location: 1, Tower: ROSE
[2026-01-05 12:56:44] Action: get_active_flats
[2026-01-05 12:56:44] getActiveFlats called for Location: 1, Tower: ROSE
[2026-01-05 12:57:05] Action: collect
[2026-01-05 12:57:05] Collect: mobile=9729908749, flat=A-106, otp=163625
[2026-01-05 12:57:24] Action: get_active_flats
[2026-01-05 12:57:24] getActiveFlats called for Location: 1, Tower: ROSE
[2026-01-05 12:57:51] Action: collect
[2026-01-05 12:57:51] Collect: mobile=8840094283, flat=A-107, otp=243824
[2026-01-05 12:58:23] Action: get_active_flats
[2026-01-05 12:58:23] getActiveFlats called for Location: 1, Tower: ROSE
[2026-01-05 12:58:51] Action: collect
[2026-01-05 12:58:51] Collect: mobile=8882462445, flat=A-110, otp=006419
[2026-01-05 12:59:25] Action: get_active_flats
[2026-01-05 12:59:25] getActiveFlats called for Location: 2, Tower: TULIP
[2026-01-05 12:59:47] Action: collect
[2026-01-05 12:59:47] Collect: mobile=9205936850, flat=B-101, otp=174955
[2026-01-05 13:00:01] Action: get_active_flats
[2026-01-05 13:00:01] getActiveFlats called for Location: 2, Tower: TULIP
[2026-01-05 13:00:27] Action: collect
[2026-01-05 13:00:27] Collect: mobile=7355029894, flat=B-105, otp=158800
[2026-01-05 13:00:44] Action: get_active_flats
[2026-01-05 13:00:44] getActiveFlats called for Location: 2, Tower: TULIP
[2026-01-05 13:01:10] Action: collect
[2026-01-05 13:01:10] Collect: mobile=8882462445, flat=B-104, otp=907262
[2026-01-05 13:01:22] Action: get_active_flats
[2026-01-05 13:01:22] getActiveFlats called for Location: 1, Tower: ROSE
[2026-01-05 13:01:26] Action: get_active_flats
[2026-01-05 13:01:26] getActiveFlats called for Location: 2, Tower: TULIP
[2026-01-05 13:01:46] Action: collect
[2026-01-05 13:01:46] Collect: mobile=8840094283, flat=B-109, otp=383023
[2026-01-05 14:04:16] Action: get_active_flats
[2026-01-05 14:04:16] getActiveFlats called for Location: 1, Tower: ROSE
[2026-01-05 14:04:26] Action: get_active_flats
[2026-01-05 14:04:26] getActiveFlats called for Location: 1, Tower: ROSE
[2026-01-05 14:04:38] Action: collect
[2026-01-05 14:04:38] Collect: mobile=9205936850, flat=A-101, otp=960434
[2026-01-05 14:08:35] Action: get_active_flats
[2026-01-05 14:08:35] getActiveFlats called for Location: 1, Tower: ROSE
[2026-01-05 14:08:42] Action: get_active_flats
[2026-01-05 14:08:42] getActiveFlats called for Location: 2, Tower: TULIP
[2026-01-05 14:48:24] Action: get_active_flats
[2026-01-05 14:48:24] getActiveFlats called for Location: 2, Tower: TULIP
[2026-01-05 14:48:50] Action: collect
[2026-01-05 14:48:50] Collect: mobile=9205936850, flat=B-101, otp=512889
[2026-01-05 14:50:50] Action: get_active_flats
[2026-01-05 14:50:50] getActiveFlats called for Location: 2, Tower: TULIP
[2026-01-05 14:51:01] Action: collect
[2026-01-05 14:51:01] Collect: mobile=9729908749, flat=B-110, otp=804244
[2026-01-05 14:54:49] Action: get_active_flats
[2026-01-05 14:54:49] getActiveFlats called for Location: 1, Tower: ROSE
[2026-01-05 14:55:30] Action: collect
[2026-01-05 14:55:30] Collect: mobile=9205936850, flat=A-101, otp=088769
[2026-01-05 14:56:44] Action: get_active_flats
[2026-01-05 14:56:44] getActiveFlats called for Location: 1, Tower: ROSE
[2026-01-05 14:57:05] Action: collect
[2026-01-05 14:57:05] Collect: mobile=9871093311, flat=A-103, otp=836448
[2026-01-05 14:58:57] Action: get_active_flats
[2026-01-05 14:58:57] getActiveFlats called for Location: 1, Tower: ROSE
[2026-01-05 14:59:18] Action: collect
[2026-01-05 14:59:18] Collect: mobile=8958565076, flat=A-104, otp=291336
[2026-01-05 14:59:27] Action: get_active_flats
[2026-01-05 14:59:27] getActiveFlats called for Location: 1, Tower: ROSE
[2026-01-05 14:59:45] Action: collect
[2026-01-05 14:59:45] Collect: mobile=8958565076, flat=A-104, otp=233080
[2026-01-05 15:00:06] Action: collect
[2026-01-05 15:00:06] Collect: mobile=8958565076, flat=A-104, otp=233808
[2026-01-05 15:01:27] Action: get_active_flats
[2026-01-05 15:01:27] getActiveFlats called for Location: 1, Tower: ROSE
[2026-01-05 15:02:13] Action: get_active_flats
[2026-01-05 15:02:13] getActiveFlats called for Location: 2, Tower: TULIP
[2026-01-05 15:02:37] Action: collect
[2026-01-05 15:02:37] Collect: mobile=7355029894, flat=B-102, otp=549312
[2026-01-05 15:02:55] Action: get_active_flats
[2026-01-05 15:02:55] getActiveFlats called for Location: 2, Tower: TULIP
[2026-01-05 15:08:24] Action: get_active_flats
[2026-01-05 15:08:24] getActiveFlats called for Location: 2, Tower: TULIP
[2026-01-05 15:08:45] Action: collect
[2026-01-05 15:08:45] Collect: mobile=8882462445, flat=B-104, otp=095823
[2026-01-05 15:08:53] Action: get_active_flats
[2026-01-05 15:08:53] getActiveFlats called for Location: 2, Tower: TULIP
[2026-01-05 15:09:10] Action: collect
[2026-01-05 15:09:10] Collect: mobile=9389552133, flat=B-106, otp=379447
[2026-01-05 15:09:13] Action: get_active_flats
[2026-01-05 15:09:13] getActiveFlats called for Location: 2, Tower: TULIP
[2026-01-05 15:09:23] Action: collect
[2026-01-05 15:09:23] Collect: mobile=8958565076, flat=B-108, otp=458648
[2026-01-05 15:09:26] Action: get_active_flats
[2026-01-05 15:09:26] getActiveFlats called for Location: 2, Tower: TULIP
[2026-01-05 15:09:38] Action: collect
[2026-01-05 15:09:38] Collect: mobile=9729908749, flat=B-110, otp=022301
[2026-01-05 15:19:36] Action: get_active_flats
[2026-01-05 15:19:36] getActiveFlats called for Location: 1, Tower: ROSE
[2026-01-05 15:19:46] Action: collect
[2026-01-05 15:19:46] Collect: mobile=9205936850, flat=A-101, otp=723740
[2026-01-05 15:19:50] Action: get_active_flats
[2026-01-05 15:19:50] getActiveFlats called for Location: 1, Tower: ROSE
[2026-01-05 15:20:06] Action: collect
[2026-01-05 15:20:06] Collect: mobile=7355029894, flat=A-102, otp=356762
[2026-01-05 16:22:13] Action: get_active_flats
[2026-01-05 16:22:13] getActiveFlats called for Location: 2, Tower: TULIP
[2026-01-05 16:22:47] Action: get_active_flats
[2026-01-05 16:22:47] getActiveFlats called for Location: 2, Tower: TULIP
[2026-01-05 16:22:54] Action: collect
[2026-01-05 16:22:54] Collect: mobile=7355029894, flat=B-105, otp=737494
[2026-01-05 16:34:11] Action: get_active_flats
[2026-01-05 16:34:11] getActiveFlats called for Location: 2, Tower: TULIP
[2026-01-05 16:34:26] Action: collect
[2026-01-05 16:34:26] Collect: mobile=8882462445, flat=B-104, otp=617314
[2026-01-06 09:22:32] Action: get_active_flats
[2026-01-06 09:22:32] getActiveFlats called for Location: 2, Tower: TULIP
[2026-01-06 10:08:03] Action: get_active_flats
[2026-01-06 10:08:03] getActiveFlats called for Location: 1, Tower: ROSE
[2026-01-06 10:09:35] Action: collect
[2026-01-06 10:09:35] Collect: mobile=7355029894, flat=A-109, otp=767215
[2026-01-06 10:10:09] Action: get_active_flats
[2026-01-06 10:10:09] getActiveFlats called for Location: 2, Tower: TULIP
[2026-01-06 10:10:36] Action: collect
[2026-01-06 10:10:36] Collect: mobile=9205936850, flat=B-101, otp=210419
[2026-01-06 10:10:57] Action: get_active_flats
[2026-01-06 10:10:57] getActiveFlats called for Location: 2, Tower: TULIP
[2026-01-06 10:11:14] Action: collect
[2026-01-06 10:11:14] Collect: mobile=8882462445, flat=B-107, otp=362822
[2026-01-06 10:24:42] Action: get_active_flats
[2026-01-06 10:24:42] getActiveFlats called for Location: 1, Tower: ROSE
[2026-01-06 10:25:28] Action: collect
[2026-01-06 10:25:28] Collect: mobile=9871093311, flat=A-103, otp=182135
[2026-01-06 10:25:43] Action: get_active_flats
[2026-01-06 10:25:43] getActiveFlats called for Location: 1, Tower: ROSE
[2026-01-06 10:26:03] Action: collect
[2026-01-06 10:26:03] Collect: mobile=9729908749, flat=A-106, otp=722751
[2026-01-06 10:27:22] Action: get_active_flats
[2026-01-06 10:27:22] getActiveFlats called for Location: 2, Tower: TULIP
[2026-01-06 10:27:43] Action: collect
[2026-01-06 10:27:43] Collect: mobile=9205936850, flat=B-101, otp=560466
[2026-01-06 10:28:02] Action: get_active_flats
[2026-01-06 10:28:02] getActiveFlats called for Location: 2, Tower: TULIP
[2026-01-06 10:28:20] Action: collect
[2026-01-06 10:28:20] Collect: mobile=9729908749, flat=B-110, otp=560466
[2026-01-06 10:28:46] Action: collect
[2026-01-06 10:28:46] Collect: mobile=9729908749, flat=B-110, otp=833765
[2026-01-06 10:35:17] Action: get_active_flats
[2026-01-06 10:35:17] getActiveFlats called for Location: 1, Tower: ROSE
[2026-01-06 10:35:21] Action: get_active_flats
[2026-01-06 10:35:21] getActiveFlats called for Location: 2, Tower: TULIP
[2026-01-06 10:36:06] Action: collect
[2026-01-06 10:36:06] Collect: mobile=8882462445, flat=B-104, otp=153034
[2026-01-06 10:36:41] Action: get_active_flats
[2026-01-06 10:36:41] getActiveFlats called for Location: 2, Tower: TULIP
[2026-01-06 10:37:10] Action: collect
[2026-01-06 10:37:10] Collect: mobile=9729908749, flat=B-110, otp=136009
[2026-01-06 10:38:23] Action: get_active_flats
[2026-01-06 10:38:23] getActiveFlats called for Location: 2, Tower: TULIP
[2026-01-06 10:38:40] Action: collect
[2026-01-06 10:38:40] Collect: mobile=8882462445, flat=B-107, otp=161407
[2026-01-06 11:35:31] Action: get_active_flats
[2026-01-06 11:35:31] getActiveFlats called for Location: 2, Tower: TULIP
[2026-01-06 11:39:52] Action: collect
[2026-01-06 11:39:52] Collect: mobile=8840094283, flat=B-109, otp=137300
[2026-01-06 11:42:46] Action: get_active_flats
[2026-01-06 11:42:46] getActiveFlats called for Location: 2, Tower: TULIP
[2026-01-06 11:42:53] Action: collect
[2026-01-06 11:42:53] Collect: mobile=9205936850, flat=B-101, otp=473653
